2018-09-26 01:53:45,125 INFO l.H.GmailBusinessObjectTest [main] Before test method 
2018-09-26 01:53:49,884 INFO l.H.GmailBusinessObjectTest [main] Test method 
2018-09-26 01:53:51,864 INFO l.H.GmailBusinessObject [main] We are started to open gmail page 
2018-09-26 01:53:52,936 INFO l.H.GmailBusinessObject [main] We typed the login/password! 
2018-09-26 01:54:05,789 INFO l.H.GmailBusinessObject [main] we opened gmail account!!! 
2018-09-26 01:54:05,800 INFO l.H.GmailBusinessObject [main] We are starting to check the important messages 
2018-09-26 01:54:08,262 INFO l.H.GmailBusinessObject [main] Messages are checked! 
2018-09-26 01:54:08,908 INFO l.H.GmailBusinessObject [main] Folder 'Important' was open! 
2018-09-26 01:54:09,821 INFO l.H.GmailBusinessObject [main] The letters have been deleted! 
2018-09-26 01:54:09,824 INFO l.H.GmailBusinessObjectTest [main] The test method was completed scientifically 
2018-09-26 01:54:09,826 INFO l.H.GmailBusinessObjectTest [main] After test method have finished! 
2018-09-26 01:55:39,948 INFO l.H.GmailBusinessObjectTest [main] Before test method 
2018-09-26 01:55:44,645 INFO l.H.GmailBusinessObjectTest [main] Test method 
2018-09-26 01:55:46,430 INFO l.H.GmailBusinessObject [main] We are started to open gmail page 
2018-09-26 01:55:47,490 INFO l.H.GmailBusinessObject [main] We typed the login/password! 
2018-09-26 01:56:02,240 INFO l.H.GmailBusinessObject [main] we opened gmail account!!! 
2018-09-26 01:56:02,251 INFO l.H.GmailBusinessObject [main] We are starting to check the important messages 
2018-09-26 01:56:02,876 INFO l.H.GmailBusinessObjectTest [main] After test method have finished! 
2018-09-26 01:56:19,053 INFO l.H.GmailBusinessObjectTest [main] Before test method 
2018-09-26 01:56:23,800 INFO l.H.GmailBusinessObjectTest [main] Test method 
2018-09-26 01:56:25,759 INFO l.H.GmailBusinessObject [main] We are started to open gmail page 
2018-09-26 01:56:26,859 INFO l.H.GmailBusinessObject [main] We typed the login/password! 
2018-09-26 01:56:42,250 INFO l.H.GmailBusinessObject [main] we opened gmail account!!! 
2018-09-26 01:56:42,260 INFO l.H.GmailBusinessObject [main] We are starting to check the important messages 
2018-09-26 01:56:43,134 INFO l.H.GmailBusinessObjectTest [main] After test method have finished! 
2018-09-26 01:57:17,072 INFO l.H.GmailBusinessObjectTest [main] Before test method 
2018-09-26 01:57:22,299 INFO l.H.GmailBusinessObjectTest [main] Test method 
2018-09-26 01:57:26,460 INFO l.H.GmailBusinessObject [main] We are started to open gmail page 
2018-09-26 01:57:27,580 INFO l.H.GmailBusinessObject [main] We typed the login/password! 
2018-09-26 01:57:44,726 INFO l.H.GmailBusinessObject [main] we opened gmail account!!! 
2018-09-26 01:57:44,737 INFO l.H.GmailBusinessObject [main] We are starting to check the important messages 
2018-09-26 01:57:45,284 INFO l.H.GmailBusinessObjectTest [main] After test method have finished! 
2018-09-26 01:58:04,489 INFO l.H.GmailBusinessObjectTest [main] Before test method 
2018-09-26 01:58:09,616 INFO l.H.GmailBusinessObjectTest [main] Test method 
2018-09-26 01:58:14,870 INFO l.H.GmailBusinessObject [main] We are started to open gmail page 
2018-09-26 01:58:16,229 INFO l.H.GmailBusinessObject [main] We typed the login/password! 
2018-09-26 01:58:34,220 INFO l.H.GmailBusinessObject [main] we opened gmail account!!! 
2018-09-26 01:58:34,233 INFO l.H.GmailBusinessObject [main] We are starting to check the important messages 
2018-09-26 01:58:35,179 INFO l.H.GmailBusinessObjectTest [main] After test method have finished! 
2018-09-26 01:58:50,518 INFO l.H.GmailBusinessObjectTest [main] Before test method 
2018-09-26 01:58:55,506 INFO l.H.GmailBusinessObjectTest [main] Test method 
2018-09-26 01:58:57,783 INFO l.H.GmailBusinessObject [main] We are started to open gmail page 
2018-09-26 01:58:58,797 INFO l.H.GmailBusinessObject [main] We typed the login/password! 
2018-09-26 01:59:14,241 INFO l.H.GmailBusinessObject [main] we opened gmail account!!! 
2018-09-26 01:59:14,251 INFO l.H.GmailBusinessObject [main] We are starting to check the important messages 
2018-09-26 01:59:15,265 INFO l.H.GmailBusinessObject [main] Messages are checked! 
2018-09-26 01:59:15,886 INFO l.H.GmailBusinessObject [main] Folder 'Important' was open! 
2018-09-26 01:59:16,812 INFO l.H.GmailBusinessObject [main] The letters have been deleted! 
2018-09-26 01:59:16,815 INFO l.H.GmailBusinessObjectTest [main] The test method was completed scientifically 
2018-09-26 01:59:16,817 INFO l.H.GmailBusinessObjectTest [main] After test method have finished! 
2018-09-26 02:01:48,265 INFO l.H.GmailBusinessObjectTest [main] Before test method 
2018-09-26 02:01:53,092 INFO l.H.GmailBusinessObjectTest [main] Test method 
2018-09-26 02:01:55,048 INFO l.H.GmailBusinessObject [main] We are started to open gmail page 
2018-09-26 02:01:56,328 INFO l.H.GmailBusinessObject [main] We typed the login/password! 
2018-09-26 02:02:13,985 INFO l.H.GmailBusinessObject [main] we opened gmail account!!! 
2018-09-26 02:02:13,993 INFO l.H.GmailBusinessObject [main] We are starting to check the important messages 
2018-09-26 02:02:14,856 INFO l.H.GmailBusinessObject [main] Messages are checked! 
2018-09-26 02:02:15,559 INFO l.H.GmailBusinessObject [main] Folder 'Important' was open! 
2018-09-26 02:02:16,899 INFO l.H.GmailBusinessObject [main] The letters have been deleted! 
2018-09-26 02:02:16,902 INFO l.H.GmailBusinessObjectTest [main] The test method was completed scientifically 
2018-09-26 02:02:16,904 INFO l.H.GmailBusinessObjectTest [main] After test method have finished! 
2018-09-26 02:03:08,918 INFO l.H.GmailBusinessObjectTest [main] Before test method 
2018-09-26 02:03:14,315 INFO l.H.GmailBusinessObjectTest [main] Test method 
2018-09-26 02:03:18,677 INFO l.H.GmailBusinessObject [main] We are started to open gmail page 
2018-09-26 02:03:20,072 INFO l.H.GmailBusinessObject [main] We typed the login/password! 
2018-09-26 02:03:36,410 INFO l.H.GmailBusinessObject [main] we opened gmail account!!! 
2018-09-26 02:03:36,418 INFO l.H.GmailBusinessObject [main] We are starting to check the important messages 
2018-09-26 02:03:37,249 INFO l.H.GmailBusinessObjectTest [main] After test method have finished! 
2018-09-26 02:04:09,698 INFO l.H.GmailBusinessObjectTest [main] Before test method 
2018-09-26 02:04:15,380 INFO l.H.GmailBusinessObjectTest [main] Test method 
2018-09-26 02:04:17,839 INFO l.H.GmailBusinessObject [main] We are started to open gmail page 
2018-09-26 02:04:19,290 INFO l.H.GmailBusinessObject [main] We typed the login/password! 
2018-09-26 02:04:33,460 INFO l.H.GmailBusinessObject [main] we opened gmail account!!! 
2018-09-26 02:04:33,469 INFO l.H.GmailBusinessObject [main] We are starting to check the important messages 
2018-09-26 02:04:35,742 INFO l.H.GmailBusinessObjectTest [main] After test method have finished! 
2018-09-26 02:05:09,737 INFO l.H.GmailBusinessObjectTest [main] Before test method 
2018-09-26 02:05:15,503 INFO l.H.GmailBusinessObjectTest [main] Test method 
2018-09-26 02:05:17,887 INFO l.H.GmailBusinessObject [main] We are started to open gmail page 
2018-09-26 02:05:19,628 INFO l.H.GmailBusinessObject [main] We typed the login/password! 
2018-09-26 02:05:35,107 INFO l.H.GmailBusinessObject [main] we opened gmail account!!! 
2018-09-26 02:05:35,119 INFO l.H.GmailBusinessObject [main] We are starting to check the important messages 
2018-09-26 02:05:36,106 INFO l.H.GmailBusinessObject [main] Messages are checked! 
2018-09-26 02:05:36,726 INFO l.H.GmailBusinessObject [main] Folder 'Important' was open! 
2018-09-26 02:05:37,645 INFO l.H.GmailBusinessObject [main] The letters have been deleted! 
2018-09-26 02:05:37,648 INFO l.H.GmailBusinessObjectTest [main] The test method was completed scientifically 
2018-09-26 02:05:37,651 INFO l.H.GmailBusinessObjectTest [main] After test method have finished! 
2018-09-26 02:11:37,460 INFO l.H.GmailBusinessObjectTest [main] Before test method 
2018-09-26 02:11:43,606 INFO l.H.GmailBusinessObjectTest [main] Test method 
2018-09-26 02:11:52,621 INFO l.H.GmailBusinessObject [main] We are started to open gmail page 
2018-09-26 02:11:54,435 INFO l.H.GmailBusinessObject [main] We typed the login/password! 
2018-09-26 02:12:13,763 INFO l.H.GmailBusinessObject [main] we opened gmail account!!! 
2018-09-26 02:12:13,904 INFO l.H.GmailBusinessObject [main] We are starting to check the important messages 
2018-09-26 02:12:16,412 INFO l.H.GmailBusinessObject [main] Messages are checked! 
2018-09-26 02:12:16,987 INFO l.H.GmailBusinessObject [main] Folder 'Important' was open! 
2018-09-26 02:12:17,950 INFO l.H.GmailBusinessObject [main] The letters have been deleted! 
2018-09-26 02:12:17,966 INFO l.H.GmailBusinessObjectTest [main] The test method was completed scientifically 
2018-09-26 02:12:17,968 INFO l.H.GmailBusinessObjectTest [main] After test method have finished! 
2018-09-27 20:49:07,665 INFO l.H.GmailBusinessObjectTest [main] Before test method 
2018-09-27 20:49:13,615 INFO l.H.GmailBusinessObjectTest [main] Test method 
2018-09-27 20:49:16,268 INFO l.H.GmailBusinessObject [main] We are started to open gmail page 
2018-09-27 20:49:17,412 INFO l.H.GmailBusinessObject [main] We typed the login/password! 
2018-09-27 20:49:31,438 INFO l.H.GmailBusinessObject [main] we opened gmail account!!! 
2018-09-27 20:49:31,450 INFO l.H.GmailBusinessObject [main] We are starting to check the important messages 
2018-09-27 20:49:34,054 INFO l.H.GmailBusinessObject [main] Messages are checked! 
2018-09-27 20:49:34,686 INFO l.H.GmailBusinessObject [main] Folder 'Important' was open! 
2018-09-27 20:49:35,872 INFO l.H.GmailBusinessObject [main] The letters have been deleted! 
2018-09-27 20:49:35,875 INFO l.H.GmailBusinessObjectTest [main] The test method was completed scientifically 
2018-09-27 20:49:35,877 INFO l.H.GmailBusinessObjectTest [main] After test method have finished! 
2018-09-27 20:53:10,064 INFO l.H.GmailBusinessObjectTest [main] Before test method 
2018-09-27 20:53:14,765 INFO l.H.GmailBusinessObjectTest [main] Test method 
2018-09-27 20:53:16,812 INFO l.H.GmailBusinessObject [main] We are started to open gmail page 
2018-09-27 20:53:17,892 INFO l.H.GmailBusinessObject [main] We typed the login/password! 
2018-09-27 20:53:35,077 INFO l.H.GmailBusinessObject [main] we opened gmail account!!! 
2018-09-27 20:53:35,089 INFO l.H.GmailBusinessObject [main] We are starting to check the important messages 
2018-09-27 20:53:36,120 INFO l.H.GmailBusinessObject [main] Messages are checked! 
2018-09-27 20:53:36,120 INFO l.H.GmailBusinessObject [main] Folder 'Important' was open! 
2018-09-27 20:53:36,120 INFO l.H.GmailBusinessObject [main] The letters have been deleted! 
2018-09-27 20:53:36,123 INFO l.H.GmailBusinessObjectTest [main] The test method was completed scientifically 
2018-09-27 20:53:36,126 INFO l.H.GmailBusinessObjectTest [main] After test method have finished! 
2018-09-27 20:54:30,688 INFO l.H.GmailBusinessObjectTest [main] Before test method 
2018-09-27 20:54:35,958 INFO l.H.GmailBusinessObjectTest [main] Test method 
2018-09-27 20:54:38,112 INFO l.H.GmailBusinessObject [main] We are started to open gmail page 
2018-09-27 20:54:39,461 INFO l.H.GmailBusinessObject [main] We typed the login/password! 
2018-09-27 20:54:54,336 INFO l.H.GmailBusinessObject [main] we opened gmail account!!! 
2018-09-27 20:54:54,348 INFO l.H.GmailBusinessObject [main] We are starting to check the important messages 
2018-09-27 20:54:55,514 INFO l.H.GmailBusinessObject [main] Messages are checked! 
2018-09-27 20:54:55,514 INFO l.H.GmailBusinessObject [main] Folder 'Important' was open! 
2018-09-27 20:54:55,514 INFO l.H.GmailBusinessObject [main] The letters have been deleted! 
2018-09-27 20:54:55,517 INFO l.H.GmailBusinessObjectTest [main] The test method was completed scientifically 
2018-09-27 20:54:55,520 INFO l.H.GmailBusinessObjectTest [main] After test method have finished! 
2018-09-27 20:59:33,500 INFO l.H.GmailBusinessObjectTest [main] Before test method 
2018-09-27 20:59:39,118 INFO l.H.GmailBusinessObjectTest [main] Test method 
2018-09-27 20:59:41,430 INFO l.H.GmailBusinessObject [main] We are started to open gmail page 
2018-09-27 20:59:42,719 INFO l.H.GmailBusinessObject [main] We typed the login/password! 
2018-09-27 20:59:57,744 INFO l.H.GmailBusinessObject [main] we opened gmail account!!! 
2018-09-27 20:59:57,753 INFO l.H.GmailBusinessObject [main] We are starting to check the important messages 
2018-09-27 20:59:58,054 INFO l.H.GmailBusinessObjectTest [main] After test method have finished! 
2018-09-27 21:00:30,404 INFO l.H.GmailBusinessObjectTest [main] Before test method 
2018-09-27 21:00:35,090 INFO l.H.GmailBusinessObjectTest [main] Test method 
2018-09-27 21:00:37,333 INFO l.H.GmailBusinessObject [main] We are started to open gmail page 
2018-09-27 21:00:38,604 INFO l.H.GmailBusinessObject [main] We typed the login/password! 
2018-09-27 21:00:52,752 INFO l.H.GmailBusinessObject [main] we opened gmail account!!! 
2018-09-27 21:00:52,765 INFO l.H.GmailBusinessObject [main] We are starting to check the important messages 
2018-09-27 21:00:53,698 INFO l.H.GmailBusinessObjectTest [main] After test method have finished! 
2018-09-27 21:01:13,575 INFO l.H.GmailBusinessObjectTest [main] Before test method 
2018-09-27 21:01:18,749 INFO l.H.GmailBusinessObjectTest [main] Test method 
2018-09-27 21:01:21,020 INFO l.H.GmailBusinessObject [main] We are started to open gmail page 
2018-09-27 21:01:22,319 INFO l.H.GmailBusinessObject [main] We typed the login/password! 
2018-09-27 21:01:38,537 INFO l.H.GmailBusinessObject [main] we opened gmail account!!! 
2018-09-27 21:01:38,549 INFO l.H.GmailBusinessObject [main] We are starting to check the important messages 
2018-09-27 21:01:38,848 INFO l.H.GmailBusinessObjectTest [main] After test method have finished! 
2018-09-27 21:03:01,552 INFO l.H.GmailBusinessObjectTest [main] Before test method 
2018-09-27 21:03:06,468 INFO l.H.GmailBusinessObjectTest [main] Test method 
2018-09-27 21:03:08,996 INFO l.H.GmailBusinessObject [main] We are started to open gmail page 
2018-09-27 21:03:10,267 INFO l.H.GmailBusinessObject [main] We typed the login/password! 
2018-09-27 21:03:23,092 INFO l.H.GmailBusinessObject [main] we opened gmail account!!! 
2018-09-27 21:03:23,104 INFO l.H.GmailBusinessObject [main] We are starting to check the important messages 
2018-09-27 21:03:25,094 INFO l.H.GmailBusinessObjectTest [main] After test method have finished! 
2018-09-27 21:04:01,935 INFO l.H.GmailBusinessObjectTest [main] Before test method 
2018-09-27 21:04:06,627 INFO l.H.GmailBusinessObjectTest [main] Test method 
2018-09-27 21:04:08,407 INFO l.H.GmailBusinessObject [main] We are started to open gmail page 
2018-09-27 21:04:09,441 INFO l.H.GmailBusinessObject [main] We typed the login/password! 
2018-09-27 21:04:24,868 INFO l.H.GmailBusinessObject [main] we opened gmail account!!! 
2018-09-27 21:04:24,880 INFO l.H.GmailBusinessObject [main] We are starting to check the important messages 
2018-09-27 21:04:25,792 INFO l.H.GmailBusinessObjectTest [main] After test method have finished! 
2018-09-27 21:05:12,576 INFO l.H.GmailBusinessObjectTest [main] Before test method 
2018-09-27 21:05:17,426 INFO l.H.GmailBusinessObjectTest [main] Test method 
2018-09-27 21:05:19,638 INFO l.H.GmailBusinessObject [main] We are started to open gmail page 
2018-09-27 21:05:21,045 INFO l.H.GmailBusinessObject [main] We typed the login/password! 
2018-09-27 21:05:33,765 INFO l.H.GmailBusinessObject [main] we opened gmail account!!! 
2018-09-27 21:05:33,776 INFO l.H.GmailBusinessObject [main] We are starting to check the important messages 
2018-09-27 21:05:36,067 INFO l.H.GmailBusinessObjectTest [main] After test method have finished! 
2018-09-27 21:10:08,770 INFO l.H.GmailBusinessObjectTest [main] Before test method 
2018-09-27 21:10:13,548 INFO l.H.GmailBusinessObjectTest [main] Test method 
2018-09-27 21:10:15,267 INFO l.H.GmailBusinessObject [main] We are started to open gmail page 
2018-09-27 21:10:16,567 INFO l.H.GmailBusinessObject [main] We typed the login/password! 
2018-09-27 21:10:29,316 INFO l.H.GmailBusinessObject [main] we opened gmail account!!! 
2018-09-27 21:10:29,327 INFO l.H.GmailBusinessObject [main] We are starting to check the important messages 
2018-09-27 21:10:31,449 INFO l.H.GmailBusinessObject [main] Messages are checked! 
2018-09-27 21:10:31,450 INFO l.H.GmailBusinessObject [main] Folder 'Important' was open! 
2018-09-27 21:10:31,450 INFO l.H.GmailBusinessObject [main] The letters have been deleted! 
2018-09-27 21:10:31,452 INFO l.H.GmailBusinessObjectTest [main] The test method was completed scientifically 
2018-09-27 21:10:31,454 INFO l.H.GmailBusinessObjectTest [main] After test method have finished! 
2018-09-27 21:11:41,653 INFO l.H.GmailBusinessObjectTest [main] Before test method 
2018-09-27 21:11:46,552 INFO l.H.GmailBusinessObjectTest [main] Test method 
2018-09-27 21:11:48,666 INFO l.H.GmailBusinessObject [main] We are started to open gmail page 
2018-09-27 21:11:49,958 INFO l.H.GmailBusinessObject [main] We typed the login/password! 
2018-09-27 21:12:05,555 INFO l.H.GmailBusinessObject [main] we opened gmail account!!! 
2018-09-27 21:12:05,565 INFO l.H.GmailBusinessObject [main] We are starting to check the important messages 
2018-09-27 21:12:06,199 INFO l.H.GmailBusinessObjectTest [main] After test method have finished! 
2018-09-27 21:16:00,787 INFO l.H.GmailBusinessObjectTest [main] Before test method 
2018-09-27 21:16:05,566 INFO l.H.GmailBusinessObjectTest [main] Test method 
2018-09-27 21:16:07,256 INFO l.H.GmailBusinessObject [main] We are started to open gmail page 
2018-09-27 21:16:08,432 INFO l.H.GmailBusinessObject [main] We typed the login/password! 
2018-09-27 21:16:22,961 INFO l.H.GmailBusinessObject [main] we opened gmail account!!! 
2018-09-27 21:16:22,974 INFO l.H.GmailBusinessObject [main] We are starting to check the important messages 
2018-09-27 21:16:23,617 INFO l.H.GmailBusinessObjectTest [main] After test method have finished! 
2018-09-27 21:48:56,844 INFO l.H.GmailBusinessObjectTest [main] Before test method 
2018-09-27 21:49:01,625 INFO l.H.GmailBusinessObjectTest [main] Test method 
2018-09-27 21:49:03,575 INFO l.H.GmailBusinessObject [main] We are started to open gmail page 
2018-09-27 21:49:04,766 INFO l.H.GmailBusinessObject [main] We typed the login/password! 
2018-09-27 21:49:20,001 INFO l.H.GmailBusinessObject [main] we opened gmail account!!! 
2018-09-27 21:49:20,011 INFO l.H.GmailBusinessObject [main] We are starting to check the important messages 
2018-09-27 21:49:20,569 INFO l.H.GmailBusinessObjectTest [main] After test method have finished! 
2018-09-27 21:51:43,664 INFO l.H.GmailBusinessObjectTest [main] Before test method 
2018-09-27 21:51:48,977 INFO l.H.GmailBusinessObjectTest [main] Test method 
2018-09-27 21:51:51,444 INFO l.H.GmailBusinessObject [main] We are started to open gmail page 
2018-09-27 21:51:52,547 INFO l.H.GmailBusinessObject [main] We typed the login/password! 
2018-09-27 21:52:07,959 INFO l.H.GmailBusinessObject [main] we opened gmail account!!! 
2018-09-27 21:52:07,971 INFO l.H.GmailBusinessObject [main] We are starting to check the important messages 
2018-09-27 21:52:08,928 INFO l.H.GmailBusinessObject [main] Messages are checked! 
2018-09-27 21:52:09,551 INFO l.H.GmailBusinessObject [main] Folder 'Important' was open! 
2018-09-27 21:52:10,532 INFO l.H.GmailBusinessObject [main] The letters have been deleted! 
2018-09-27 21:52:10,535 INFO l.H.GmailBusinessObjectTest [main] The test method was completed scientifically 
2018-09-27 21:52:10,537 INFO l.H.GmailBusinessObjectTest [main] After test method have finished! 
2018-09-27 21:56:36,192 INFO l.H.GmaiLoginBusinessObjectTest [main] Before test method 
2018-09-27 21:56:41,156 INFO l.H.GmaiLoginBusinessObjectTest [main] Test method 
2018-09-27 21:56:43,615 INFO l.H.GmaiLoginBusinessObject [main] We are started to open gmail page 
2018-09-27 21:56:44,821 INFO l.H.GmaiLoginBusinessObject [main] We typed the login/password! 
2018-09-27 21:57:02,367 INFO l.H.GmaiLoginBusinessObject [main] we opened gmail account!!! 
2018-09-27 21:57:02,377 INFO l.H.GmaiLoginBusinessObject [main] We are starting to check the important messages 
2018-09-27 21:57:03,362 INFO l.H.GmaiLoginBusinessObject [main] Messages are checked! 
2018-09-27 21:57:03,955 INFO l.H.GmaiLoginBusinessObject [main] Folder 'Important' was open! 
2018-09-27 21:57:04,865 INFO l.H.GmaiLoginBusinessObject [main] The letters have been deleted! 
2018-09-27 21:57:04,868 INFO l.H.GmaiLoginBusinessObjectTest [main] The test method was completed scientifically 
2018-09-27 21:57:04,870 INFO l.H.GmaiLoginBusinessObjectTest [main] After test method have finished! 
2018-09-27 22:02:48,846 INFO l.H.GmaiLoginBusinessObjectTest [main] Before test method 
2018-09-27 22:02:54,706 INFO l.H.GmaiLoginBusinessObjectTest [main] Test method 
2018-09-27 22:02:58,110 INFO l.H.GmaiLoginBusinessObject [main] We are started to open gmail page 
2018-09-27 22:02:59,383 INFO l.H.GmaiLoginBusinessObject [main] We typed the login/password! 
2018-09-27 22:03:16,588 INFO l.H.GmaiLoginBusinessObject [main] we opened gmail account!!! 
2018-09-27 22:03:16,599 INFO l.H.GmaiLoginBusinessObject [main] We are starting to check the important messages 
2018-09-27 22:03:17,548 INFO l.H.GmaiLoginBusinessObject [main] Messages are checked! 
2018-09-27 22:03:18,178 INFO l.H.GmaiLoginBusinessObject [main] Folder 'Important' was open! 
2018-09-27 22:03:19,135 INFO l.H.GmaiLoginBusinessObject [main] The letters have been deleted! 
2018-09-27 22:03:19,139 INFO l.H.GmaiLoginBusinessObjectTest [main] The test method was completed scientifically 
2018-09-27 22:03:19,141 INFO l.H.GmaiLoginBusinessObjectTest [main] After test method have finished! 
2018-09-27 22:09:05,319 INFO l.H.GmaiLoginBusinessObjectTest [main] Before test method 
2018-09-27 22:09:10,428 INFO l.H.GmaiLoginBusinessObjectTest [main] Test method 
2018-09-27 22:09:12,915 INFO l.H.GmaiLoginBusinessObject [main] We are started to open gmail page 
2018-09-27 22:09:14,036 INFO l.H.GmaiLoginBusinessObject [main] We typed the login/password! 
2018-09-27 22:09:29,244 INFO l.H.GmaiLoginBusinessObject [main] we opened gmail account!!! 
2018-09-27 22:09:29,255 INFO l.H.GmaiLoginBusinessObject [main] We are starting to check the important messages 
2018-09-27 22:09:29,826 INFO l.H.GmaiLoginBusinessObjectTest [main] After test method have finished! 
2018-09-27 22:10:05,896 INFO l.H.GmaiLoginBusinessObjectTest [main] Before test method 
2018-09-27 22:10:10,592 INFO l.H.GmaiLoginBusinessObjectTest [main] Test method 
2018-09-27 22:10:12,654 INFO l.H.GmaiLoginBusinessObject [main] We are started to open gmail page 
2018-09-27 22:10:14,396 INFO l.H.GmaiLoginBusinessObject [main] We typed the login/password! 
2018-09-27 22:10:29,433 INFO l.H.GmaiLoginBusinessObject [main] we opened gmail account!!! 
2018-09-27 22:10:29,445 INFO l.H.GmaiLoginBusinessObject [main] We are starting to check the important messages 
2018-09-27 22:10:30,001 INFO l.H.GmaiLoginBusinessObjectTest [main] After test method have finished! 
2018-09-27 22:11:52,998 INFO l.H.GmaiLoginBusinessObjectTest [main] Before test method 
2018-09-27 22:11:57,651 INFO l.H.GmaiLoginBusinessObjectTest [main] Test method 
2018-09-27 22:11:59,928 INFO l.H.GmaiLoginBusinessObject [main] We are started to open gmail page 
2018-09-27 22:12:01,159 INFO l.H.GmaiLoginBusinessObject [main] We typed the login/password! 
2018-09-27 22:12:17,740 INFO l.H.GmaiLoginBusinessObject [main] we opened gmail account!!! 
2018-09-27 22:12:17,751 INFO l.H.GmaiLoginBusinessObject [main] We are starting to check the important messages 
2018-09-27 22:12:18,505 INFO l.H.GmaiLoginBusinessObjectTest [main] After test method have finished! 
2018-09-27 22:13:21,397 INFO l.H.GmaiLoginBusinessObjectTest [main] Before test method 
2018-09-27 22:13:26,061 INFO l.H.GmaiLoginBusinessObjectTest [main] Test method 
2018-09-27 22:13:28,926 INFO l.H.GmaiLoginBusinessObject [main] We are started to open gmail page 
2018-09-27 22:13:30,250 INFO l.H.GmaiLoginBusinessObject [main] We typed the login/password! 
2018-09-27 22:13:44,807 INFO l.H.GmaiLoginBusinessObject [main] we opened gmail account!!! 
2018-09-27 22:13:44,816 INFO l.H.GmaiLoginBusinessObject [main] We are starting to check the important messages 
2018-09-27 22:13:45,466 INFO l.H.GmaiLoginBusinessObjectTest [main] After test method have finished! 
2018-09-27 22:14:11,676 INFO l.H.GmaiLoginBusinessObjectTest [main] Before test method 
2018-09-27 22:14:16,893 INFO l.H.GmaiLoginBusinessObjectTest [main] Test method 
2018-09-27 22:14:18,918 INFO l.H.GmaiLoginBusinessObject [main] We are started to open gmail page 
2018-09-27 22:14:20,276 INFO l.H.GmaiLoginBusinessObject [main] We typed the login/password! 
2018-09-27 22:14:35,687 INFO l.H.GmaiLoginBusinessObject [main] we opened gmail account!!! 
2018-09-27 22:14:35,698 INFO l.H.GmaiLoginBusinessObject [main] We are starting to check the important messages 
2018-09-27 22:14:36,594 INFO l.H.GmaiLoginBusinessObject [main] Messages are checked! 
2018-09-27 22:14:37,237 INFO l.H.GmaiLoginBusinessObject [main] Folder 'Important' was open! 
2018-09-27 22:14:38,099 INFO l.H.GmaiLoginBusinessObject [main] The letters have been deleted! 
2018-09-27 22:14:38,102 INFO l.H.GmaiLoginBusinessObjectTest [main] The test method was completed scientifically 
2018-09-27 22:14:38,104 INFO l.H.GmaiLoginBusinessObjectTest [main] After test method have finished! 
2018-09-27 22:14:57,960 INFO l.H.GmaiLoginBusinessObjectTest [main] Before test method 
2018-09-27 22:15:03,048 INFO l.H.GmaiLoginBusinessObjectTest [main] Test method 
2018-09-27 22:15:05,072 INFO l.H.GmaiLoginBusinessObject [main] We are started to open gmail page 
2018-09-27 22:15:06,194 INFO l.H.GmaiLoginBusinessObject [main] We typed the login/password! 
2018-09-27 22:15:21,220 INFO l.H.GmaiLoginBusinessObject [main] we opened gmail account!!! 
2018-09-27 22:15:21,227 INFO l.H.GmaiLoginBusinessObject [main] We are starting to check the important messages 
2018-09-27 22:15:22,548 INFO l.H.GmaiLoginBusinessObject [main] Messages are checked! 
2018-09-27 22:15:23,001 INFO l.H.GmaiLoginBusinessObject [main] Folder 'Important' was open! 
2018-09-27 22:15:23,925 INFO l.H.GmaiLoginBusinessObject [main] The letters have been deleted! 
2018-09-27 22:15:23,929 INFO l.H.GmaiLoginBusinessObjectTest [main] The test method was completed scientifically 
2018-09-27 22:15:23,931 INFO l.H.GmaiLoginBusinessObjectTest [main] After test method have finished! 
2018-09-27 22:17:07,982 INFO l.H.GmaiLoginBusinessObjectTest [main] Before test method 
2018-09-27 22:17:12,702 INFO l.H.GmaiLoginBusinessObjectTest [main] Test method 
2018-09-27 22:17:15,125 INFO l.H.GmaiLoginBusinessObject [main] We are started to open gmail page 
2018-09-27 22:17:16,477 INFO l.H.GmaiLoginBusinessObject [main] We typed the login/password! 
2018-09-27 22:17:30,877 INFO l.H.GmaiLoginBusinessObject [main] we opened gmail account!!! 
2018-09-27 22:17:30,888 INFO l.H.GmaiLoginBusinessObject [main] We are starting to check the important messages 
2018-09-27 22:17:31,183 INFO l.H.GmaiLoginBusinessObjectTest [main] After test method have finished! 
2018-09-27 22:18:04,902 INFO l.H.GmaiLoginBusinessObjectTest [main] Before test method 
2018-09-27 22:18:09,586 INFO l.H.GmaiLoginBusinessObjectTest [main] Test method 
2018-09-27 22:18:11,337 INFO l.H.GmaiLoginBusinessObject [main] We are started to open gmail page 
2018-09-27 22:18:12,514 INFO l.H.GmaiLoginBusinessObject [main] We typed the login/password! 
2018-09-27 22:18:28,100 INFO l.H.GmaiLoginBusinessObject [main] we opened gmail account!!! 
2018-09-27 22:18:28,108 INFO l.H.GmaiLoginBusinessObject [main] We are starting to check the important messages 
2018-09-27 22:18:28,383 INFO l.H.GmaiLoginBusinessObjectTest [main] After test method have finished! 
2018-09-27 22:19:14,025 INFO l.H.GmaiLoginBusinessObjectTest [main] Before test method 
2018-09-27 22:19:18,684 INFO l.H.GmaiLoginBusinessObjectTest [main] Test method 
2018-09-27 22:19:20,689 INFO l.H.GmaiLoginBusinessObject [main] We are started to open gmail page 
2018-09-27 22:19:22,017 INFO l.H.GmaiLoginBusinessObject [main] We typed the login/password! 
2018-09-27 22:19:37,041 INFO l.H.GmaiLoginBusinessObject [main] we opened gmail account!!! 
2018-09-27 22:19:37,048 INFO l.H.GmaiLoginBusinessObject [main] We are starting to check the important messages 
2018-09-27 22:19:37,619 INFO l.H.GmaiLoginBusinessObjectTest [main] After test method have finished! 
2018-09-27 22:20:00,270 INFO l.H.GmaiLoginBusinessObjectTest [main] Before test method 
2018-09-27 22:20:05,236 INFO l.H.GmaiLoginBusinessObjectTest [main] Test method 
2018-09-27 22:20:06,975 INFO l.H.GmaiLoginBusinessObject [main] We are started to open gmail page 
2018-09-27 22:20:08,036 INFO l.H.GmaiLoginBusinessObject [main] We typed the login/password! 
2018-09-27 22:20:22,866 INFO l.H.GmaiLoginBusinessObject [main] we opened gmail account!!! 
2018-09-27 22:20:22,877 INFO l.H.GmaiLoginBusinessObject [main] We are starting to check the important messages 
2018-09-27 22:20:23,434 INFO l.H.GmaiLoginBusinessObjectTest [main] After test method have finished! 
2018-09-27 22:24:00,275 INFO l.H.GmaiLoginBusinessObjectTest [main] Before test method 
2018-09-27 22:24:05,097 INFO l.H.GmaiLoginBusinessObjectTest [main] Test method 
2018-09-27 22:24:06,840 INFO l.H.GmaiLoginBusinessObject [main] We are started to open gmail page 
2018-09-27 22:24:08,088 INFO l.H.GmaiLoginBusinessObject [main] We typed the login/password! 
2018-09-27 22:24:18,228 INFO l.H.GmaiLoginBusinessObjectTest [main] After test method have finished! 
2018-09-27 22:24:48,646 INFO l.H.GmaiLoginBusinessObjectTest [main] Before test method 
2018-09-27 22:24:53,263 INFO l.H.GmaiLoginBusinessObjectTest [main] Test method 
2018-09-27 22:24:55,250 INFO l.H.GmaiLoginBusinessObject [main] We are started to open gmail page 
2018-09-27 22:24:55,752 INFO l.H.GmaiLoginBusinessObjectTest [main] After test method have finished! 
2018-09-27 22:25:21,879 INFO l.H.GmaiLoginBusinessObjectTest [main] Before test method 
2018-09-27 22:25:26,777 INFO l.H.GmaiLoginBusinessObjectTest [main] Test method 
2018-09-27 22:25:28,713 INFO l.H.GmaiLoginBusinessObject [main] We are started to open gmail page 
2018-09-27 22:25:29,973 INFO l.H.GmaiLoginBusinessObject [main] We typed the login/password! 
2018-09-27 22:25:43,617 INFO l.H.GmaiLoginBusinessObject [main] we opened gmail account!!! 
2018-09-27 22:25:43,628 INFO l.H.GmaiLoginBusinessObject [main] We are starting to check the important messages 
2018-09-27 22:25:46,479 INFO l.H.GmaiLoginBusinessObject [main] Messages are checked! 
2018-09-27 22:25:46,910 INFO l.H.GmaiLoginBusinessObject [main] Folder 'Important' was open! 
2018-09-27 22:25:47,869 INFO l.H.GmaiLoginBusinessObject [main] The letters have been deleted! 
2018-09-27 22:25:47,872 INFO l.H.GmaiLoginBusinessObjectTest [main] The test method was completed scientifically 
2018-09-27 22:25:47,874 INFO l.H.GmaiLoginBusinessObjectTest [main] After test method have finished! 
2018-09-27 22:27:02,060 INFO l.H.GmaiLoginBusinessObjectTest [main] Before test method 
2018-09-27 22:27:06,758 INFO l.H.GmaiLoginBusinessObjectTest [main] Test method 
2018-09-27 22:27:08,800 INFO l.H.GmaiLoginBusinessObject [main] We are started to open gmail page 
2018-09-27 22:27:10,044 INFO l.H.GmaiLoginBusinessObject [main] We typed the login/password! 
2018-09-27 22:27:24,338 INFO l.H.GmaiLoginBusinessObject [main] we opened gmail account!!! 
2018-09-27 22:27:24,349 INFO l.H.GmaiLoginBusinessObject [main] We are starting to check the important messages 
2018-09-27 22:27:25,748 INFO l.H.GmaiLoginBusinessObject [main] Messages are checked! 
2018-09-27 22:27:26,127 INFO l.H.GmaiLoginBusinessObject [main] Folder 'Important' was open! 
2018-09-27 22:27:26,634 INFO l.H.GmaiLoginBusinessObjectTest [main] After test method have finished! 
2018-09-27 22:27:35,344 INFO l.H.GmaiLoginBusinessObjectTest [main] Before test method 
2018-09-27 22:27:40,055 INFO l.H.GmaiLoginBusinessObjectTest [main] Test method 
2018-09-27 22:27:41,985 INFO l.H.GmaiLoginBusinessObject [main] We are started to open gmail page 
2018-09-27 22:27:43,281 INFO l.H.GmaiLoginBusinessObject [main] We typed the login/password! 
2018-09-27 22:27:58,449 INFO l.H.GmaiLoginBusinessObject [main] we opened gmail account!!! 
2018-09-27 22:27:58,461 INFO l.H.GmaiLoginBusinessObject [main] We are starting to check the important messages 
2018-09-27 22:27:59,933 INFO l.H.GmaiLoginBusinessObject [main] Messages are checked! 
2018-09-27 22:28:00,345 INFO l.H.GmaiLoginBusinessObject [main] Folder 'Important' was open! 
2018-09-27 22:28:01,319 INFO l.H.GmaiLoginBusinessObject [main] The letters have been deleted! 
2018-09-27 22:28:01,322 INFO l.H.GmaiLoginBusinessObjectTest [main] The test method was completed scientifically 
2018-09-27 22:28:01,324 INFO l.H.GmaiLoginBusinessObjectTest [main] After test method have finished! 
2018-09-27 22:28:28,945 INFO l.H.GmaiLoginBusinessObjectTest [main] Before test method 
2018-09-27 22:28:33,703 INFO l.H.GmaiLoginBusinessObjectTest [main] Test method 
2018-09-27 22:28:35,885 INFO l.H.GmaiLoginBusinessObject [main] We are started to open gmail page 
2018-09-27 22:28:37,136 INFO l.H.GmaiLoginBusinessObject [main] We typed the login/password! 
2018-09-27 22:28:51,332 INFO l.H.GmaiLoginBusinessObject [main] we opened gmail account!!! 
2018-09-27 22:28:51,346 INFO l.H.GmaiLoginBusinessObject [main] We are starting to check the important messages 
2018-09-27 22:28:51,674 INFO l.H.GmaiLoginBusinessObjectTest [main] After test method have finished! 
2018-09-27 22:29:47,853 INFO l.H.GmaiLoginBusinessObjectTest [main] Before test method 
2018-09-27 22:29:52,548 INFO l.H.GmaiLoginBusinessObjectTest [main] Test method 
2018-09-27 22:29:54,264 INFO l.H.GmaiLoginBusinessObject [main] We are started to open gmail page 
2018-09-27 22:29:55,598 INFO l.H.GmaiLoginBusinessObject [main] We typed the login/password! 
2018-09-27 22:30:10,911 INFO l.H.GmaiLoginBusinessObject [main] we opened gmail account!!! 
2018-09-27 22:30:10,923 INFO l.H.GmaiLoginBusinessObject [main] We are starting to check the important messages 
2018-09-27 22:30:11,240 INFO l.H.GmaiLoginBusinessObjectTest [main] After test method have finished! 
2018-09-27 22:41:54,636 INFO l.H.GmaiLoginBusinessObjectTest [main] Before test method 
2018-09-27 22:42:00,291 INFO l.H.GmaiLoginBusinessObjectTest [main] Test method 
2018-09-27 22:42:04,745 INFO l.H.GmaiLoginBusinessObject [main] We are started to open gmail page 
2018-09-27 22:42:05,976 INFO l.H.GmaiLoginBusinessObject [main] We typed the login/password! 
2018-09-27 22:42:21,934 INFO l.H.GmaiLoginBusinessObject [main] we opened gmail account!!! 
2018-09-27 22:42:21,944 INFO l.H.GmaiLoginBusinessObject [main] We are starting to check the important messages 
2018-09-27 22:42:22,281 INFO l.H.GmaiLoginBusinessObjectTest [main] After test method have finished! 
2018-09-27 22:42:48,338 INFO l.H.GmaiLoginBusinessObjectTest [main] Before test method 
2018-09-27 22:42:53,388 INFO l.H.GmaiLoginBusinessObjectTest [main] Test method 
2018-09-27 22:42:55,966 INFO l.H.GmaiLoginBusinessObject [main] We are started to open gmail page 
2018-09-27 22:42:57,080 INFO l.H.GmaiLoginBusinessObject [main] We typed the login/password! 
2018-09-27 22:43:12,019 INFO l.H.GmaiLoginBusinessObject [main] we opened gmail account!!! 
2018-09-27 22:43:12,030 INFO l.H.GmaiLoginBusinessObject [main] We are starting to check the important messages 
2018-09-27 22:43:13,487 INFO l.H.GmaiLoginBusinessObject [main] Messages are checked! 
2018-09-27 22:43:13,925 INFO l.H.GmaiLoginBusinessObject [main] Folder 'Important' was open! 
2018-09-27 22:43:14,816 INFO l.H.GmaiLoginBusinessObject [main] The letters have been deleted! 
2018-09-27 22:43:14,819 INFO l.H.GmaiLoginBusinessObjectTest [main] The test method was completed scientifically 
2018-09-27 22:43:14,821 INFO l.H.GmaiLoginBusinessObjectTest [main] After test method have finished! 
2018-09-27 22:44:07,967 INFO l.H.GmaiLoginBusinessObjectTest [main] Before test method 
2018-09-27 22:44:12,668 INFO l.H.GmaiLoginBusinessObjectTest [main] Test method 
2018-09-27 22:44:14,691 INFO l.H.GmaiLoginBusinessObject [main] We are started to open gmail page 
2018-09-27 22:44:16,023 INFO l.H.GmaiLoginBusinessObject [main] We typed the login/password! 
2018-09-27 22:44:31,261 INFO l.H.GmaiLoginBusinessObject [main] we opened gmail account!!! 
2018-09-27 22:44:31,272 INFO l.H.GmaiLoginBusinessObject [main] We are starting to check the important messages 
2018-09-27 22:44:31,328 INFO l.H.GmaiLoginBusinessObjectTest [main] After test method have finished! 
2018-09-27 22:47:37,164 INFO l.H.GmaiLoginBusinessObjectTest [main] Before test method 
2018-09-27 22:47:41,896 INFO l.H.GmaiLoginBusinessObjectTest [main] Test method 
2018-09-27 22:47:44,413 INFO l.H.GmaiLoginBusinessObject [main] We are started to open gmail page 
2018-09-27 22:47:45,645 INFO l.H.GmaiLoginBusinessObject [main] We typed the login/password! 
2018-09-27 22:48:00,860 INFO l.H.GmaiLoginBusinessObject [main] we opened gmail account!!! 
2018-09-27 22:48:00,872 INFO l.H.GmaiLoginBusinessObject [main] We are starting to check the important messages 
2018-09-27 22:48:00,940 INFO l.H.GmaiLoginBusinessObjectTest [main] After test method have finished! 
2018-09-27 22:50:11,121 INFO l.H.GmaiLoginBusinessObjectTest [main] Before test method 
2018-09-27 22:50:15,823 INFO l.H.GmaiLoginBusinessObjectTest [main] Test method 
2018-09-27 22:50:17,677 INFO l.H.GmaiLoginBusinessObject [main] We are started to open gmail page 
2018-09-27 22:50:19,008 INFO l.H.GmaiLoginBusinessObject [main] We typed the login/password! 
2018-09-27 22:50:34,091 INFO l.H.GmaiLoginBusinessObject [main] we opened gmail account!!! 
2018-09-27 22:50:34,102 INFO l.H.GmaiLoginBusinessObject [main] We are starting to check the important messages 
2018-09-27 22:50:34,156 INFO l.H.GmaiLoginBusinessObjectTest [main] After test method have finished! 
2018-09-27 22:51:11,009 INFO l.H.GmaiLoginBusinessObjectTest [main] Before test method 
2018-09-27 22:51:15,685 INFO l.H.GmaiLoginBusinessObjectTest [main] Test method 
2018-09-27 22:51:17,922 INFO l.H.GmaiLoginBusinessObject [main] We are started to open gmail page 
2018-09-27 22:51:19,157 INFO l.H.GmaiLoginBusinessObject [main] We typed the login/password! 
2018-09-27 22:51:34,066 INFO l.H.GmaiLoginBusinessObject [main] we opened gmail account!!! 
2018-09-27 22:51:34,087 INFO l.H.GmaiLoginBusinessObjectTest [main] After test method have finished! 
2018-09-27 22:52:38,353 INFO l.H.GmaiLoginBusinessObjectTest [main] Before test method 
2018-09-27 22:52:43,048 INFO l.H.GmaiLoginBusinessObjectTest [main] Test method 
2018-09-27 22:52:44,775 INFO l.H.GmaiLoginBusinessObject [main] We are started to open gmail page 
2018-09-27 22:52:45,903 INFO l.H.GmaiLoginBusinessObject [main] We typed the login/password! 
2018-09-27 22:53:00,353 INFO l.H.GmaiLoginBusinessObject [main] we opened gmail account!!! 
2018-09-27 22:53:00,371 INFO l.H.GmaiLoginBusinessObjectTest [main] After test method have finished! 
2018-09-27 22:53:58,388 INFO l.H.GmaiLoginBusinessObjectTest [main] Before test method 
2018-09-27 22:54:03,060 INFO l.H.GmaiLoginBusinessObjectTest [main] Test method 
2018-09-27 22:54:05,222 INFO l.H.GmaiLoginBusinessObject [main] We are started to open gmail page 
2018-09-27 22:54:06,549 INFO l.H.GmaiLoginBusinessObject [main] We typed the login/password! 
2018-09-27 22:54:19,648 INFO l.H.GmaiLoginBusinessObject [main] we opened gmail account!!! 
2018-09-27 22:54:19,658 INFO l.H.GmaiLoginBusinessObject [main] We are starting to check the important messages 
2018-09-27 22:54:21,840 INFO l.H.GmaiLoginBusinessObjectTest [main] After test method have finished! 
2018-09-27 22:54:46,433 INFO l.H.GmaiLoginBusinessObjectTest [main] Before test method 
2018-09-27 22:54:51,182 INFO l.H.GmaiLoginBusinessObjectTest [main] Test method 
2018-09-27 22:54:53,094 INFO l.H.GmaiLoginBusinessObject [main] We are started to open gmail page 
2018-09-27 22:54:54,167 INFO l.H.GmaiLoginBusinessObject [main] We typed the login/password! 
2018-09-27 22:55:08,658 INFO l.H.GmaiLoginBusinessObject [main] we opened gmail account!!! 
2018-09-27 22:55:08,669 INFO l.H.GmaiLoginBusinessObject [main] We are starting to check the important messages 
2018-09-27 22:55:09,646 INFO l.H.GmaiLoginBusinessObject [main] Messages are checked! 
2018-09-27 22:55:10,261 INFO l.H.GmaiLoginBusinessObject [main] Folder 'Important' was open! 
2018-09-27 22:55:11,224 INFO l.H.GmaiLoginBusinessObject [main] The letters have been deleted! 
2018-09-27 22:55:11,227 INFO l.H.GmaiLoginBusinessObjectTest [main] The test method was completed scientifically 
2018-09-27 22:55:11,229 INFO l.H.GmaiLoginBusinessObjectTest [main] After test method have finished! 
2018-09-27 22:55:39,429 INFO l.H.GmaiLoginBusinessObjectTest [main] Before test method 
2018-09-27 22:55:44,806 INFO l.H.GmaiLoginBusinessObjectTest [main] Test method 
2018-09-27 22:55:46,879 INFO l.H.GmaiLoginBusinessObject [main] We are started to open gmail page 
2018-09-27 22:55:47,983 INFO l.H.GmaiLoginBusinessObject [main] We typed the login/password! 
2018-09-27 22:56:02,762 INFO l.H.GmaiLoginBusinessObject [main] we opened gmail account!!! 
2018-09-27 22:56:02,771 INFO l.H.GmaiLoginBusinessObject [main] We are starting to check the important messages 
2018-09-27 22:56:03,815 INFO l.H.GmaiLoginBusinessObject [main] Messages are checked! 
2018-09-27 22:56:04,482 INFO l.H.GmaiLoginBusinessObject [main] Folder 'Important' was open! 
2018-09-27 22:56:05,332 INFO l.H.GmaiLoginBusinessObject [main] The letters have been deleted! 
2018-09-27 22:56:05,334 INFO l.H.GmaiLoginBusinessObjectTest [main] The test method was completed scientifically 
2018-09-27 22:56:05,337 INFO l.H.GmaiLoginBusinessObjectTest [main] After test method have finished! 
2018-09-27 23:06:41,662 INFO l.H.GmaiLoginBusinessObjectTest [main] Before test method 
2018-09-27 23:06:46,247 INFO l.H.GmaiLoginBusinessObjectTest [main] Test method 
2018-09-27 23:06:48,436 INFO l.H.GmaiLoginBusinessObject [main] We are started to open gmail page 
2018-09-27 23:06:49,676 INFO l.H.GmaiLoginBusinessObject [main] We typed the login/password! 
2018-09-27 23:07:04,468 INFO l.H.GmaiLoginBusinessObject [main] we opened gmail account!!! 
2018-09-27 23:07:04,477 INFO l.H.GmaiLoginBusinessObject [main] We are starting to check the important messages 
2018-09-27 23:07:05,027 INFO l.H.GmaiLoginBusinessObjectTest [main] After test method have finished! 
2018-09-27 23:08:06,311 INFO l.H.GmaiLoginBusinessObjectTest [main] Before test method 
2018-09-27 23:08:11,157 INFO l.H.GmaiLoginBusinessObjectTest [main] Test method 
2018-09-27 23:08:13,059 INFO l.H.GmaiLoginBusinessObject [main] We are started to open gmail page 
2018-09-27 23:08:14,224 INFO l.H.GmaiLoginBusinessObject [main] We typed the login/password! 
2018-09-27 23:08:27,847 INFO l.H.GmaiLoginBusinessObject [main] we opened gmail account!!! 
2018-09-27 23:08:27,858 INFO l.H.GmaiLoginBusinessObject [main] We are starting to check the important messages 
2018-09-27 23:08:30,298 INFO l.H.GmaiLoginBusinessObject [main] Messages are checked! 
2018-09-27 23:08:30,908 INFO l.H.GmaiLoginBusinessObject [main] Folder 'Important' was open! 
2018-09-27 23:08:31,768 INFO l.H.GmaiLoginBusinessObject [main] The letters have been deleted! 
2018-09-27 23:08:31,771 INFO l.H.GmaiLoginBusinessObjectTest [main] The test method was completed scientifically 
2018-09-27 23:08:31,773 INFO l.H.GmaiLoginBusinessObjectTest [main] After test method have finished! 
2018-09-27 23:14:48,192 INFO l.H.GmaiLoginBusinessObjectTest [main] Before test method 
2018-09-27 23:14:52,901 INFO l.H.GmaiLoginBusinessObjectTest [main] Test method 
2018-09-27 23:14:55,038 INFO l.H.GmaiLoginBusinessObject [main] We are started to open gmail page 
2018-09-27 23:14:56,264 INFO l.H.GmaiLoginBusinessObject [main] We typed the login/password! 
2018-09-27 23:15:10,346 INFO l.H.GmaiLoginBusinessObject [main] we opened gmail account!!! 
2018-09-27 23:15:10,357 INFO l.H.GmailDeleteMessagesBO [main] We are starting to check the important messages 
2018-09-27 23:15:11,417 INFO l.H.GmailDeleteMessagesBO [main] Messages are checked! 
2018-09-27 23:15:12,050 INFO l.H.GmailDeleteMessagesBO [main] Folder 'Important' was open! 
2018-09-27 23:15:12,911 INFO l.H.GmailDeleteMessagesBO [main] The letters have been deleted! 
2018-09-27 23:15:12,915 INFO l.H.GmaiLoginBusinessObjectTest [main] The test method was completed scientifically 
2018-09-27 23:15:12,917 INFO l.H.GmaiLoginBusinessObjectTest [main] After test method have finished! 
2018-09-27 23:17:28,893 INFO l.H.GmaiLoginBusinessObjectTest [main] Before test method 
2018-09-27 23:17:33,545 INFO l.H.GmaiLoginBusinessObjectTest [main] Test method 
2018-09-27 23:17:35,330 INFO l.H.GmaiLoginBusinessObject [main] We are started to open gmail page 
2018-09-27 23:17:36,735 INFO l.H.GmaiLoginBusinessObject [main] We typed the login/password! 
2018-09-27 23:17:49,509 INFO l.H.GmaiLoginBusinessObject [main] we opened gmail account!!! 
2018-09-27 23:17:49,533 INFO l.H.GmailDeleteMessagesBO [main] We are starting to check the important messages 
2018-09-27 23:17:51,650 INFO l.H.GmaiLoginBusinessObjectTest [main] After test method have finished! 
2018-09-27 23:19:16,085 INFO l.H.GmaiLoginBusinessObjectTest [main] Before test method 
2018-09-27 23:19:20,873 INFO l.H.GmaiLoginBusinessObjectTest [main] Test method 
2018-09-27 23:19:23,187 INFO l.H.GmaiLoginBusinessObject [main] We are started to open gmail page 
2018-09-27 23:19:24,551 INFO l.H.GmaiLoginBusinessObject [main] We typed the login/password! 
2018-09-27 23:19:40,493 INFO l.H.GmaiLoginBusinessObject [main] we opened gmail account!!! 
2018-09-27 23:19:40,514 INFO l.H.GmailDeleteMessagesBO [main] We are starting to check the important messages 
2018-09-27 23:19:41,549 INFO l.H.GmailDeleteMessagesBO [main] Messages are checked! 
2018-09-27 23:19:42,212 INFO l.H.GmailDeleteMessagesBO [main] Folder 'Important' was open! 
2018-09-27 23:19:43,133 INFO l.H.GmailDeleteMessagesBO [main] The letters have been deleted! 
2018-09-27 23:19:43,136 INFO l.H.GmaiLoginBusinessObjectTest [main] The test method was completed scientifically 
2018-09-27 23:19:43,138 INFO l.H.GmaiLoginBusinessObjectTest [main] After test method have finished! 
2018-09-27 23:26:12,830 INFO l.H.GmaiLoginBusinessObjectTest [main] Before test method 
2018-09-27 23:26:18,251 INFO l.H.GmaiLoginBusinessObjectTest [main] Test method 
2018-09-27 23:26:22,045 INFO l.H.GmaiLoginBusinessObject [main] We are started to open gmail page 
2018-09-27 23:26:23,228 INFO l.H.GmaiLoginBusinessObject [main] We typed the login/password! 
2018-09-27 23:26:39,445 INFO l.H.GmaiLoginBusinessObject [main] we opened gmail account!!! 
2018-09-27 23:26:39,461 INFO l.H.GmailDeleteMessagesBO [main] We are starting to check the important messages 
2018-09-27 23:26:40,462 INFO l.H.GmailDeleteMessagesBO [main] Messages are checked! 
2018-09-27 23:26:41,036 INFO l.H.GmailDeleteMessagesBO [main] Folder 'Important' was open! 
2018-09-27 23:26:41,933 INFO l.H.GmailDeleteMessagesBO [main] The letters have been deleted! 
2018-09-27 23:26:41,933 INFO l.H.GmaiLoginBusinessObjectTest [main] The test method was completed scientifically 
2018-09-27 23:26:41,935 INFO l.H.GmaiLoginBusinessObjectTest [main] After test method have finished! 
2018-09-27 23:27:52,370 INFO l.H.GmaiLoginBusinessObjectTest [main] Before test method 
2018-09-27 23:27:57,723 INFO l.H.GmaiLoginBusinessObjectTest [main] Test method 
2018-09-27 23:27:59,858 INFO l.H.GmaiLoginBusinessObject [main] We are started to open gmail page 
2018-09-27 23:28:01,118 INFO l.H.GmaiLoginBusinessObject [main] We typed the login/password! 
2018-09-27 23:28:17,698 INFO l.H.GmaiLoginBusinessObject [main] we opened gmail account!!! 
2018-09-27 23:28:17,715 INFO l.H.GmailDeleteMessagesBO [main] We are starting to check the important messages 
2018-09-27 23:28:19,534 INFO l.H.GmaiLoginBusinessObjectTest [main] After test method have finished! 
2018-09-27 23:28:34,345 INFO l.H.GmaiLoginBusinessObjectTest [main] Before test method 
2018-09-27 23:28:39,032 INFO l.H.GmaiLoginBusinessObjectTest [main] Test method 
2018-09-27 23:28:41,122 INFO l.H.GmaiLoginBusinessObject [main] We are started to open gmail page 
2018-09-27 23:28:42,215 INFO l.H.GmaiLoginBusinessObject [main] We typed the login/password! 
2018-09-27 23:28:57,618 INFO l.H.GmaiLoginBusinessObject [main] we opened gmail account!!! 
2018-09-27 23:28:57,635 INFO l.H.GmailDeleteMessagesBO [main] We are starting to check the important messages 
2018-09-27 23:28:58,746 INFO l.H.GmailDeleteMessagesBO [main] Messages are checked! 
2018-09-27 23:28:59,330 INFO l.H.GmailDeleteMessagesBO [main] Folder 'Important' was open! 
2018-09-27 23:29:00,320 INFO l.H.GmailDeleteMessagesBO [main] The letters have been deleted! 
2018-09-27 23:29:00,320 INFO l.H.GmaiLoginBusinessObjectTest [main] The test method was completed scientifically 
2018-09-27 23:29:00,322 INFO l.H.GmaiLoginBusinessObjectTest [main] After test method have finished! 
2018-09-27 23:47:54,569 INFO l.H.GmaiLoginBOTest [main] Before test method 
2018-09-27 23:47:59,309 INFO l.H.GmaiLoginBOTest [main] Test method 
2018-09-27 23:48:01,233 INFO l.H.GmaiLoginBO [main] We are started to open gmail page 
2018-09-27 23:48:02,340 INFO l.H.GmaiLoginBO [main] We typed the login/password! 
2018-09-27 23:48:18,432 INFO l.H.GmaiLoginBO [main] we opened gmail account!!! 
2018-09-27 23:48:18,448 INFO l.H.GmailDeleteMessagesBO [main] We are starting to check the important messages 
2018-09-27 23:48:19,600 INFO l.H.GmailDeleteMessagesBO [main] Messages are checked! 
2018-09-27 23:48:20,279 INFO l.H.GmailDeleteMessagesBO [main] Folder 'Important' was open! 
2018-09-27 23:48:20,831 INFO l.H.GmaiLoginBOTest [main] After test method have finished! 
2018-09-27 23:49:43,287 INFO l.H.GmaiLoginBOTest [main] Before test method 
2018-09-27 23:49:48,093 INFO l.H.GmaiLoginBOTest [main] Test method 
2018-09-27 23:49:50,526 INFO l.H.GmaiLoginBO [main] We are started to open gmail page 
2018-09-27 23:49:51,875 INFO l.H.GmaiLoginBO [main] We typed the login/password! 
2018-09-27 23:50:05,121 INFO l.H.GmaiLoginBO [main] we opened gmail account!!! 
2018-09-27 23:50:05,137 INFO l.H.GmailDeleteMessagesBO [main] We are starting to check the important messages 
2018-09-27 23:50:07,495 INFO l.H.GmaiLoginBOTest [main] After test method have finished! 
2018-09-27 23:50:16,569 INFO l.H.GmaiLoginBOTest [main] Before test method 
2018-09-27 23:50:21,466 INFO l.H.GmaiLoginBOTest [main] Test method 
2018-09-27 23:50:23,212 INFO l.H.GmaiLoginBO [main] We are started to open gmail page 
2018-09-27 23:50:24,553 INFO l.H.GmaiLoginBO [main] We typed the login/password! 
2018-09-27 23:50:39,898 INFO l.H.GmaiLoginBO [main] we opened gmail account!!! 
2018-09-27 23:50:39,914 INFO l.H.GmailDeleteMessagesBO [main] We are starting to check the important messages 
2018-09-27 23:50:41,016 INFO l.H.GmailDeleteMessagesBO [main] Messages are checked! 
2018-09-27 23:50:41,638 INFO l.H.GmailDeleteMessagesBO [main] Folder 'Important' was open! 
2018-09-27 23:50:42,790 INFO l.H.GmailDeleteMessagesBO [main] The letters have been deleted! 
2018-09-27 23:50:42,791 INFO l.H.GmaiLoginBOTest [main] The test method was completed scientifically 
2018-09-27 23:50:42,793 INFO l.H.GmaiLoginBOTest [main] After test method have finished! 
2018-09-27 23:56:43,209 INFO l.H.GmaiLoginBOTest [main] Before test method 
2018-09-27 23:56:47,950 INFO l.H.GmaiLoginBOTest [main] Test method 
2018-09-27 23:56:53,049 INFO l.H.GmaiLoginBO [main] We are started to open gmail page 
2018-09-27 23:56:54,175 INFO l.H.GmaiLoginBO [main] We typed the login/password! 
2018-09-27 23:57:07,657 INFO l.H.GmaiLoginBO [main] we opened gmail account!!! 
2018-09-27 23:57:07,672 INFO l.H.SelectAndDeleteMessagesBO [main] We are starting to check the important messages 
2018-09-27 23:57:10,400 INFO l.H.SelectAndDeleteMessagesBO [main] Messages are checked! 
2018-09-27 23:57:11,035 INFO l.H.SelectAndDeleteMessagesBO [main] Folder 'Important' was open! 
2018-09-27 23:57:11,950 INFO l.H.SelectAndDeleteMessagesBO [main] The letters have been deleted! 
2018-09-27 23:57:11,951 INFO l.H.GmaiLoginBOTest [main] The test method was completed scientifically 
2018-09-27 23:57:11,953 INFO l.H.GmaiLoginBOTest [main] After test method have finished! 
2018-09-28 00:04:29,460 INFO l.H.GmaiLoginBOTest [main] Before test method 
2018-09-28 00:04:34,126 INFO l.H.GmaiLoginBOTest [main] Test method 
2018-09-28 00:04:36,031 INFO l.H.GmaiLoginBO [main] We are started to open gmail page 
2018-09-28 00:04:37,124 INFO l.H.GmaiLoginBO [main] We typed the login/password! 
2018-09-28 00:04:53,117 INFO l.H.GmaiLoginBO [main] we opened gmail account!!! 
2018-09-28 00:04:53,149 INFO l.H.SelectAndDeleteMessagesBO [main] We are starting to check the important messages 
2018-09-28 00:04:53,714 INFO l.H.GmaiLoginBOTest [main] After test method have finished! 
2018-09-28 00:05:12,505 INFO l.H.GmaiLoginBOTest [main] Before test method 
2018-09-28 00:05:17,705 INFO l.H.GmaiLoginBOTest [main] Test method 
2018-09-28 00:05:19,880 INFO l.H.GmaiLoginBO [main] We are started to open gmail page 
2018-09-28 00:05:20,978 INFO l.H.GmaiLoginBO [main] We typed the login/password! 
2018-09-28 00:05:36,288 INFO l.H.GmaiLoginBO [main] we opened gmail account!!! 
2018-09-28 00:05:36,458 INFO l.H.SelectAndDeleteMessagesBO [main] We are starting to check the important messages 
2018-09-28 00:05:38,243 INFO l.H.GmaiLoginBOTest [main] After test method have finished! 
2018-09-28 00:05:46,412 INFO l.H.GmaiLoginBOTest [main] Before test method 
2018-09-28 00:05:51,312 INFO l.H.GmaiLoginBOTest [main] Test method 
2018-09-28 00:05:53,536 INFO l.H.GmaiLoginBO [main] We are started to open gmail page 
2018-09-28 00:05:54,621 INFO l.H.GmaiLoginBO [main] We typed the login/password! 
2018-09-28 00:06:10,908 INFO l.H.GmaiLoginBO [main] we opened gmail account!!! 
2018-09-28 00:06:10,943 INFO l.H.SelectAndDeleteMessagesBO [main] We are starting to check the important messages 
2018-09-28 00:06:11,949 INFO l.H.SelectAndDeleteMessagesBO [main] Messages are checked! 
2018-09-28 00:06:12,610 INFO l.H.SelectAndDeleteMessagesBO [main] Folder 'Important' was open! 
2018-09-28 00:06:13,221 INFO l.H.GmaiLoginBOTest [main] After test method have finished! 
2018-09-28 00:07:20,170 INFO l.H.GmaiLoginBOTest [main] Before test method 
2018-09-28 00:07:25,179 INFO l.H.GmaiLoginBOTest [main] Test method 
2018-09-28 00:07:27,987 INFO l.H.GmaiLoginBO [main] We are started to open gmail page 
2018-09-28 00:07:29,439 INFO l.H.GmaiLoginBO [main] We typed the login/password! 
2018-09-28 00:07:45,106 INFO l.H.GmaiLoginBO [main] we opened gmail account!!! 
2018-09-28 00:07:45,124 INFO l.H.SelectAndDeleteMessagesBO [main] We are starting to check the important messages 
2018-09-28 00:07:45,773 INFO l.H.GmaiLoginBOTest [main] After test method have finished! 
2018-09-28 00:09:42,402 INFO l.H.GmaiLoginBOTest [main] Before test method 
2018-09-28 00:09:48,420 INFO l.H.GmaiLoginBOTest [main] Test method 
2018-09-28 00:09:50,676 INFO l.H.GmaiLoginBO [main] We are started to open gmail page 
2018-09-28 00:09:51,810 INFO l.H.GmaiLoginBO [main] We typed the login/password! 
2018-09-28 00:10:07,021 INFO l.H.GmaiLoginBO [main] we opened gmail account!!! 
2018-09-28 00:10:07,035 INFO l.H.SelectAndDeleteMessagesBO [main] We are starting to check the important messages 
2018-09-28 00:10:08,047 INFO l.H.SelectAndDeleteMessagesBO [main] Messages are checked! 
2018-09-28 00:10:08,675 INFO l.H.SelectAndDeleteMessagesBO [main] Folder 'Important' was open! 
2018-09-28 00:10:09,328 INFO l.H.GmaiLoginBOTest [main] After test method have finished! 
2018-09-28 00:31:57,042 INFO l.H.GmaiLoginBOTest [main] Before test method 
2018-09-28 00:32:02,959 INFO l.H.GmaiLoginBOTest [main] Test method 
2018-09-28 00:32:07,454 INFO l.H.GmaiLoginBO [main] We are started to open gmail page 
2018-09-28 00:32:08,689 INFO l.H.GmaiLoginBO [main] We typed the login/password! 
2018-09-28 00:32:30,448 INFO l.H.GmaiLoginBO [main] we opened gmail account!!! 
2018-09-28 00:32:30,592 INFO l.H.SelectAndDeleteMessagesBO [main] We are starting to check the important messages 
2018-09-28 00:32:31,699 INFO l.H.SelectAndDeleteMessagesBO [main] Messages are checked! 
2018-09-28 00:32:32,356 INFO l.H.SelectAndDeleteMessagesBO [main] Folder 'Important' was open! 
2018-09-28 00:32:33,347 INFO l.H.SelectAndDeleteMessagesBO [main] The letters have been deleted! 
2018-09-28 00:32:33,348 INFO l.H.GmaiLoginBOTest [main] The test method was completed scientifically 
2018-09-28 00:32:33,350 INFO l.H.GmaiLoginBOTest [main] After test method have finished! 
